0 silly argv { _: [ 'add' ],
0 silly argv   globs: [],
0 silly argv   lernaVersion: '3.14.1',
0 silly argv   '$0': 'lerna',
0 silly argv   pkg: 'file:../core' }
1 notice cli v3.14.1
2 verbose rootPath /Users/bgoodman/git/minesweeper
3 info versioning independent
4 error TypeError: Invalid comparator: /Users/bgoodman/git/minesweeper/packages/core
4 error     at Comparator.parse (/Users/bgoodman/git/minesweeper/node_modules/semver/semver.js:754:11)
4 error     at new Comparator (/Users/bgoodman/git/minesweeper/node_modules/semver/semver.js:737:8)
4 error     at Range.<anonymous> (/Users/bgoodman/git/minesweeper/node_modules/semver/semver.js:925:12)
4 error     at Array.map (<anonymous>)
4 error     at Range.parseRange (/Users/bgoodman/git/minesweeper/node_modules/semver/semver.js:924:13)
4 error     at Range.<anonymous> (/Users/bgoodman/git/minesweeper/node_modules/semver/semver.js:867:17)
4 error     at Array.map (<anonymous>)
4 error     at new Range (/Users/bgoodman/git/minesweeper/node_modules/semver/semver.js:866:40)
4 error     at Function.intersects (/Users/bgoodman/git/minesweeper/node_modules/semver/semver.js:1459:8)
4 error     at getRangeToReference (/Users/bgoodman/git/minesweeper/node_modules/@lerna/add/lib/get-range-to-reference.js:18:35)
4 error     at result.filter.pkg (/Users/bgoodman/git/minesweeper/node_modules/@lerna/add/index.js:142:14)
4 error     at Array.filter (<anonymous>)
4 error     at AddCommand.collectPackagesToChange (/Users/bgoodman/git/minesweeper/node_modules/@lerna/add/index.js:134:21)
